<?xml version="1.0" encoding="UTF-8"?>
<testsuite xmlns:xsi="http://www.w3.org/2001/XMLSchema-instance" xsi:noNamespaceSchemaLocation="https://maven.apache.org/surefire/maven-surefire-plugin/xsd/surefire-test-report-3.0.xsd" version="3.0" name="runnerPackage.TestRunner" time="42.648" tests="1" errors="0" skipped="0" failures="0">
  <properties>
[...]
</properties>
  <testcase name="Verify ToolsQA ELement Section on the Website" classname="Automated End2Test Tests" time="37.93">
    <system-out><![CDATA[
Scenario: Verify ToolsQA ELement Section on the Website # src/test/resources/functionalTests/E2ETest.feature:18
  When user clicks on Element icon on home page         # stepDefinitions.ToolsQAHomePageSteps.user_clicks_on_Element_icon_on_home_page()
  Then user clicks on textbox on element page           # stepDefinitions.ToolsQAElementPage.user_clicks_on_textbox_on_element_page()
  Then user enters "Test Boro" in fullname textbox      # stepDefinitions.ToolsQAElementPage.user_enters_name_in_fullname_textbox(java.lang.String)
  Then user enters "test@boro.com" in email textbox     # stepDefinitions.ToolsQAElementPage.user_enters_in_email_textbox(java.lang.String)
]]></system-out>
    <system-err><![CDATA[SLF4J: Failed to load class "org.slf4j.impl.StaticLoggerBinder".
SLF4J: Defaulting to no-operation (NOP) logger implementation
SLF4J: See http://www.slf4j.org/codes.html#StaticLoggerBinder for further details.
ERROR StatusLogger Log4j2 could not find a logging implementation. Please add log4j-core to the classpath. Using SimpleLogger to log to the console...
Starting ChromeDriver 114.0.5735.16 (7e1ff058633f5b79b1cd7479aca585ba385519d8-refs/branch-heads/5735@{#182}) on port 34968
Only local connections are allowed.
Please see https://chromedriver.chromium.org/security-considerations for suggestions on keeping ChromeDriver safe.
ChromeDriver was started successfully.
Jun 30, 2023 2:51:13 PM org.openqa.selenium.devtools.CdpVersionFinder findNearestMatch
WARNING: Unable to find an exact match for CDP version 114, so returning the closest version found: 113
]]></system-err>
  </testcase>
</testsuite>